TN:
SF:src\comment-style\commentTemplates.ts
FN:63,getDefaultStyleByLanguage
FN:82,generateConciseComment
FN:97,generateDetailedComment
FNF:3
FNH:3
FNDA:16,getDefaultStyleByLanguage
FNDA:9,generateConciseComment
FNDA:3,generateDetailedComment
DA:1,1
DA:2,1
DA:3,1
DA:4,1
DA:5,1
DA:6,1
DA:7,1
DA:8,1
DA:9,1
DA:10,1
DA:11,1
DA:12,1
DA:13,1
DA:14,1
DA:15,1
DA:16,1
DA:17,1
DA:18,1
DA:19,1
DA:20,1
DA:21,1
DA:22,1
DA:23,1
DA:24,1
DA:25,1
DA:26,1
DA:27,1
DA:28,1
DA:29,1
DA:30,1
DA:31,1
DA:32,1
DA:33,1
DA:34,1
DA:35,1
DA:36,1
DA:37,1
DA:38,1
DA:39,1
DA:40,1
DA:41,1
DA:42,1
DA:43,1
DA:44,1
DA:45,1
DA:46,1
DA:47,1
DA:48,1
DA:49,1
DA:50,1
DA:51,1
DA:52,1
DA:53,1
DA:54,1
DA:55,1
DA:56,1
DA:57,1
DA:58,1
DA:59,1
DA:60,1
DA:61,1
DA:62,1
DA:63,1
DA:64,16
DA:65,16
DA:66,16
DA:67,16
DA:68,16
DA:69,16
DA:70,16
DA:71,16
DA:72,16
DA:73,16
DA:74,16
DA:75,16
DA:76,16
DA:77,16
DA:78,16
DA:79,16
DA:80,1
DA:81,1
DA:82,1
DA:83,9
DA:84,9
DA:85,9
DA:86,9
DA:87,9
DA:88,9
DA:89,9
DA:90,2
DA:91,9
DA:92,7
DA:93,7
DA:94,9
DA:95,1
DA:96,1
DA:97,1
DA:98,3
DA:99,3
LF:99
LH:99
BRDA:63,0,0,16
BRDA:78,1,0,2
BRDA:82,2,0,9
BRDA:87,3,0,5
BRDA:87,4,0,4
BRDA:89,5,0,2
BRDA:91,6,0,7
BRDA:97,7,0,3
BRF:8
BRH:8
end_of_record
TN:
SF:src\prompt\buildPrompt.ts
FN:11,buildConcisePrompt
FN:30,buildDetailedPrompt
FN:65,buildPrompt
FNF:3
FNH:3
FNDA:9,buildConcisePrompt
FNDA:13,buildDetailedPrompt
FNDA:5,buildPrompt
DA:1,1
DA:2,1
DA:3,1
DA:4,1
DA:5,1
DA:6,1
DA:7,1
DA:8,1
DA:9,1
DA:10,1
DA:11,1
DA:12,9
DA:13,9
DA:14,9
DA:15,9
DA:16,9
DA:17,9
DA:18,9
DA:19,9
DA:20,9
DA:21,9
DA:22,9
DA:23,9
DA:24,9
DA:25,1
DA:26,1
DA:27,1
DA:28,1
DA:29,1
DA:30,1
DA:31,13
DA:32,13
DA:33,13
DA:34,13
DA:35,13
DA:36,13
DA:37,2
DA:38,11
DA:39,13
DA:40,13
DA:41,1
DA:42,13
DA:43,13
DA:44,13
DA:45,12
DA:46,1
DA:47,13
DA:48,13
DA:49,13
DA:50,13
DA:51,13
DA:52,13
DA:53,13
DA:54,13
DA:55,13
DA:56,13
DA:57,13
DA:58,13
DA:59,13
DA:60,13
DA:61,1
DA:62,1
DA:63,1
DA:64,1
DA:65,1
DA:66,5
DA:67,5
DA:68,5
DA:69,5
DA:70,5
DA:71,5
DA:72,5
DA:73,2
DA:74,2
DA:75,3
DA:76,3
LF:76
LH:76
BRDA:11,0,0,9
BRDA:16,1,0,3
BRDA:16,2,0,6
BRDA:30,3,0,13
BRDA:36,4,0,2
BRDA:37,5,0,11
BRDA:40,6,0,1
BRDA:44,7,0,12
BRDA:45,8,0,1
BRDA:48,9,0,2
BRDA:48,10,0,11
BRDA:56,11,0,2
BRDA:56,12,0,11
BRDA:65,13,0,5
BRDA:72,14,0,2
BRDA:74,15,0,3
BRF:16
BRH:16
end_of_record
TN:
SF:src\utils\cleanResponse.ts
FN:5,stripMarkdownCodeBlock
FN:17,cleanDetailedResponse
FN:27,cleanConciseResponse
FNF:3
FNH:3
FNDA:10,stripMarkdownCodeBlock
FNDA:4,cleanDetailedResponse
FNDA:5,cleanConciseResponse
DA:1,1
DA:2,1
DA:3,1
DA:4,1
DA:5,1
DA:6,10
DA:7,10
DA:8,10
DA:9,10
DA:10,10
DA:11,1
DA:12,1
DA:13,1
DA:14,1
DA:15,1
DA:16,1
DA:17,1
DA:18,4
DA:19,4
DA:20,4
DA:21,1
DA:22,1
DA:23,1
DA:24,1
DA:25,1
DA:26,1
DA:27,1
DA:28,5
DA:29,5
DA:30,5
LF:30
LH:30
BRDA:5,0,0,10
BRDA:17,1,0,4
BRDA:27,2,0,5
BRF:3
BRH:3
end_of_record
